# On branch master
# Changed but not updated:
#   (use "git add <file>..." to update what will be committed)
#   (use "git checkout -- <file>..." to discard changes in working directory)
#
#	modified:   cat/cat.c
#	modified:   chmod/chmod.c
#	modified:   cp/utils.c
#	modified:   csh/alloc.c
#	modified:   csh/char.c
#	modified:   csh/const.c
#	modified:   csh/csh.c
#	modified:   csh/dir.c
#	modified:   csh/dol.c
#	modified:   csh/error.c
#	modified:   csh/exec.c
#	modified:   csh/exp.c
#	modified:   csh/file.c
#	modified:   csh/func.c
#	modified:   csh/glob.c
#	modified:   csh/hist.c
#	modified:   csh/init.c
#	modified:   csh/lex.c
#	modified:   csh/misc.c
#	modified:   csh/parse.c
#	modified:   csh/proc.c
#	modified:   csh/sem.c
#	modified:   csh/set.c
#	modified:   csh/str.c
#	modified:   csh/time.c
#	modified:   date/date.c
#	modified:   date/netdate.c
#	modified:   dd/args.c
#	modified:   dd/conv.c
#	modified:   dd/conv_tab.c
#	modified:   dd/dd.c
#	modified:   dd/misc.c
#	modified:   dd/position.c
#	modified:   df/df.c
#	modified:   df/ffs_df.c
#	modified:   domainname/domainname.c
#	modified:   echo/echo.c
#	modified:   ed/buf.c
#	modified:   ed/cbc.c
#	modified:   ed/glbl.c
#	modified:   ed/io.c
#	modified:   ed/main.c
#	modified:   ed/re.c
#	modified:   ed/sub.c
#	modified:   ed/undo.c
#	modified:   hostname/hostname.c
#	modified:   kill/kill.c
#	modified:   ksh/mknod.c
#	modified:   ln/ln.c
#	modified:   ls/cmp.c
#	modified:   ls/ls.c
#	modified:   ls/print.c
#	modified:   ls/util.c
#	modified:   md5/crc.c
#	modified:   mkdir/mkdir.c
#	modified:   mt/Makefile
#	modified:   mt/mt.c
#	modified:   mt/mtrmt.c
#	modified:   mv/mv.c
#	modified:   pax/ar_io.c
#	modified:   pax/ar_subs.c
#	modified:   pax/buf_subs.c
#	modified:   pax/cache.c
#	modified:   pax/cpio.c
#	modified:   pax/file_subs.c
#	modified:   pax/ftree.c
#	modified:   pax/gen_subs.c
#	modified:   pax/getoldopt.c
#	modified:   pax/options.c
#	modified:   pax/pat_rep.c
#	modified:   pax/pax.c
#	modified:   pax/sel_subs.c
#	modified:   pax/tables.c
#	modified:   pax/tar.c
#	modified:   pax/tty_subs.c
#	modified:   ps/keyword.c
#	modified:   ps/nlist.c
#	modified:   ps/print.c
#	modified:   ps/ps.c
#	modified:   pwd/pwd.c
#	modified:   rcp/rcp.c
#	modified:   rcp/util.c
#	modified:   rm/rm.c
#	modified:   rmail/rmail.c
#	modified:   rmdir/rmdir.c
#	modified:   sleep/sleep.c
#	modified:   status.log
#	modified:   stty/cchar.c
#	modified:   stty/gfmt.c
#	modified:   stty/key.c
#	modified:   stty/modes.c
#	modified:   stty/print.c
#	modified:   stty/stty.c
#	modified:   sync/sync.c
#	modified:   test/test.c
#	modified:   up.log
#
no changes added to commit (use "git add" and/or "git commit -a")
