? .git
? .gitignore
? status.log
? up.log
P cat/cat.c
P chmod/chmod.c
P cp/utils.c
P csh/alloc.c
P csh/char.c
P csh/const.c
P csh/csh.c
P csh/dir.c
P csh/dol.c
P csh/error.c
P csh/exec.c
P csh/exp.c
P csh/file.c
P csh/func.c
P csh/glob.c
P csh/hist.c
P csh/init.c
P csh/lex.c
P csh/misc.c
P csh/parse.c
P csh/proc.c
P csh/sem.c
P csh/set.c
P csh/str.c
P csh/time.c
P date/date.c
P date/netdate.c
P dd/args.c
P dd/conv.c
P dd/conv_tab.c
P dd/dd.c
P dd/misc.c
P dd/position.c
P df/df.c
P df/ffs_df.c
P domainname/domainname.c
P echo/echo.c
P ed/buf.c
P ed/cbc.c
P ed/glbl.c
P ed/io.c
P ed/main.c
P ed/re.c
P ed/sub.c
P ed/undo.c
P hostname/hostname.c
P kill/kill.c
P ksh/mknod.c
P ln/ln.c
P ls/cmp.c
P ls/ls.c
P ls/print.c
P ls/util.c
P md5/crc.c
P mkdir/mkdir.c
P mt/Makefile
P mt/mt.c
P mt/mtrmt.c
P mv/mv.c
P pax/ar_io.c
P pax/ar_subs.c
P pax/buf_subs.c
P pax/cache.c
P pax/cpio.c
P pax/file_subs.c
P pax/ftree.c
P pax/gen_subs.c
P pax/getoldopt.c
P pax/options.c
P pax/pat_rep.c
P pax/pax.c
P pax/sel_subs.c
P pax/tables.c
P pax/tar.c
P pax/tty_subs.c
P ps/keyword.c
P ps/nlist.c
P ps/print.c
P ps/ps.c
P pwd/pwd.c
P rcp/rcp.c
P rcp/util.c
P rm/rm.c
P rmail/rmail.c
P rmdir/rmdir.c
P sleep/sleep.c
P stty/cchar.c
P stty/gfmt.c
P stty/key.c
P stty/modes.c
P stty/print.c
P stty/stty.c
P sync/sync.c
P test/test.c
